<?xml version="1.0" encoding="UTF-8"?>
<!-- Generated by org.testng.reporters.JUnitReportReporter -->
<testsuite hostname="LAPTOP-9TH27PRK" failures="0" tests="1" name="Test_Post" time="2.579" errors="0" timestamp="2023-02-14T23:44:57 IST" skipped="0">
  <testcase classname="Test_Post" name="test_4_delete" time="2.579"/>
  <system-out/>
</testsuite> <!-- Test_Post -->
