<?xml version="1.0" encoding="UTF-8"?>
<!-- Generated by org.testng.reporters.JUnitReportReporter -->
<testsuite hostname="LAPTOP-9TH27PRK" failures="0" tests="1" name="Tests_Get" time="2.710" errors="0" timestamp="2023-02-14T22:59:16 IST" skipped="0">
  <testcase classname="Tests_Get" name="test_1" time="2.710"/>
  <system-out/>
</testsuite> <!-- Tests_Get -->
