<?xml version="1.0" encoding="UTF-8"?>
<!-- Generated by org.testng.reporters.JUnitReportReporter -->
<testsuite hostname="LAPTOP-9TH27PRK" failures="0" tests="2" name="TC001_GET" time="2.961" errors="0" timestamp="2023-02-13T11:58:08 IST" skipped="0">
  <testcase classname="TC001_GET" name="test_02" time="0.952"/>
  <system-out/>
  <testcase classname="TC001_GET" name="test_01" time="2.009"/>
  <system-out/>
</testsuite> <!-- TC001_GET -->
